0 info it worked if it ends with ok
1 verbose cli [ '/usr/bin/node', '/usr/bin/npm', 'install' ]
2 info using npm@1.4.28
3 info using node@v0.10.37
4 verbose node symlink /usr/bin/node
5 warn package.json @ No description
6 warn package.json @ No repository field.
7 warn package.json @ No README data
8 verbose readDependencies using package.json deps
9 verbose install where, deps [ '/home/sammita/Downloads/chapter-1/5-examples', [ 'mocha' ] ]
10 info preinstall @
11 verbose readDependencies using package.json deps
12 verbose cache add [ 'mocha@2.2.4', null ]
13 verbose cache add name=undefined spec="mocha@2.2.4" args=["mocha@2.2.4",null]
14 verbose parsed url { protocol: null,
14 verbose parsed url   slashes: null,
14 verbose parsed url   auth: null,
14 verbose parsed url   host: null,
14 verbose parsed url   port: null,
14 verbose parsed url   hostname: null,
14 verbose parsed url   hash: null,
14 verbose parsed url   search: null,
14 verbose parsed url   query: null,
14 verbose parsed url   pathname: 'mocha@2.2.4',
14 verbose parsed url   path: 'mocha@2.2.4',
14 verbose parsed url   href: 'mocha@2.2.4' }
15 verbose cache add name="mocha" spec="2.2.4" args=["mocha","2.2.4"]
16 verbose parsed url { protocol: null,
16 verbose parsed url   slashes: null,
16 verbose parsed url   auth: null,
16 verbose parsed url   host: null,
16 verbose parsed url   port: null,
16 verbose parsed url   hostname: null,
16 verbose parsed url   hash: null,
16 verbose parsed url   search: null,
16 verbose parsed url   query: null,
16 verbose parsed url   pathname: '2.2.4',
16 verbose parsed url   path: '2.2.4',
16 verbose parsed url   href: '2.2.4' }
17 verbose addNamed [ 'mocha', '2.2.4' ]
18 verbose addNamed [ '2.2.4', '2.2.4' ]
19 silly lockFile 8d691304-mocha-2-2-4 mocha@2.2.4
20 verbose lock mocha@2.2.4 /home/sammita/.npm/8d691304-mocha-2-2-4.lock
21 verbose request where is /mocha
22 verbose request registry https://registry.npmjs.org/
23 verbose request id b97e6d9858efead4
24 verbose url raw /mocha
25 verbose url resolving [ 'https://registry.npmjs.org/', './mocha' ]
26 verbose url resolved https://registry.npmjs.org/mocha
27 verbose request where is https://registry.npmjs.org/mocha
28 info trying registry request attempt 1 at 00:33:51
29 http GET https://registry.npmjs.org/mocha
30 info retry will retry, error on last attempt: Error: tunneling socket could not be established, cause=140679100422016:error:140770FC:SSL routines:SSL23_GET_SERVER_HELLO:unknown protocol:../deps/openssl/openssl/ssl/s23_clnt.c:795:
31 info trying registry request attempt 2 at 00:34:01
32 http GET https://registry.npmjs.org/mocha
33 info retry will retry, error on last attempt: Error: tunneling socket could not be established, cause=140679100422016:error:140770FC:SSL routines:SSL23_GET_SERVER_HELLO:unknown protocol:../deps/openssl/openssl/ssl/s23_clnt.c:795:
34 info trying registry request attempt 3 at 00:35:01
35 http GET https://registry.npmjs.org/mocha
36 silly lockFile 8d691304-mocha-2-2-4 mocha@2.2.4
37 silly lockFile 8d691304-mocha-2-2-4 mocha@2.2.4
38 error network tunneling socket could not be established, cause=140679100422016:error:140770FC:SSL routines:SSL23_GET_SERVER_HELLO:unknown protocol:../deps/openssl/openssl/ssl/s23_clnt.c:795:
38 error network
38 error network This is most likely not a problem with npm itself
38 error network and is related to network connectivity.
38 error network In most cases you are behind a proxy or have bad network settings.
38 error network
38 error network If you are behind a proxy, please make sure that the
38 error network 'proxy' config is set properly.  See: 'npm help config'
39 error System Linux 3.19.0-25-generic
40 error command "/usr/bin/node" "/usr/bin/npm" "install"
41 error cwd /home/sammita/Downloads/chapter-1/5-examples
42 error node -v v0.10.37
43 error npm -v 1.4.28
44 error code ECONNRESET
45 verbose exit [ 1, true ]
